2025-12-16 09:10:47 | INFO | info | è¾“å…¥{"currentPath1":"files","fileUrl":"xxxxx111","log":{"batchSize":50,"consoleOutput":true,"enabled":true,"fileOutput":true,"flushIntervalSeconds":5,"keepFiles":30,"levels":{"dao":true,"debug":true,"error":true,"info":true,"severe":true,"warn":true}}}
2025-12-16 09:10:47 | INFO | info | è¾“å…¥{"currentPath1":"files","fileUrl":"xxxxx111","log":{"batchSize":50,"consoleOutput":true,"enabled":true,"fileOutput":true,"flushIntervalSeconds":5,"keepFiles":30,"levels":{"dao":true,"debug":true,"error":true,"info":true,"severe":true,"warn":true}}}
2025-12-16 09:10:47 | INFO | error | è¾“å…¥{"currentPath1":"files","fileUrl":"xxxxx111","log":{"batchSize":50,"consoleOutput":true,"enabled":true,"fileOutput":true,"flushIntervalSeconds":5,"keepFiles":30,"levels":{"dao":true,"debug":true,"error":true,"info":true,"severe":true,"warn":true}}}
2025-12-16 09:10:47 | INFO | debug | è¾“å…¥{"currentPath1":"files","fileUrl":"xxxxx111","log":{"batchSize":50,"consoleOutput":true,"enabled":true,"fileOutput":true,"flushIntervalSeconds":5,"keepFiles":30,"levels":{"dao":true,"debug":true,"error":true,"info":true,"severe":true,"warn":true}}}
2025-12-16 09:10:47 | INFO | severe | é”™è¯¯
2025-12-16 09:10:47 | INFO | ss | é”™è¯¯
2025-12-16 09:10:47 | INFO | ss | é”™è¯¯
2025-12-16 09:10:53 | INFO | error | 100000
2025-12-16 09:10:53 | INFO | error | 100000
2025-12-16 09:10:53 | INFO | error | 100000
2025-12-16 09:10:53 | INFO | error | 100000
2025-12-16 09:10:53 | INFO | error | 100000
2025-12-16 09:10:53 | INFO | error | 100000
2025-12-16 09:10:53 | INFO | error | 100000
2025-12-16 09:10:53 | INFO | error | 100000
2025-12-16 09:10:53 | INFO | error | 100000
2025-12-16 09:10:53 | INFO | error | 100000
2025-12-16 09:11:21 | INFO | info | è¾“å…¥{"currentPath1":"files","fileUrl":"xxxxx111","log":{"batchSize":50,"consoleOutput":true,"enabled":true,"fileOutput":true,"flushIntervalSeconds":5,"keepFiles":30,"levels":{"dao":true,"debug":true,"error":true,"info":true,"severe":true,"warn":true}}}
2025-12-16 09:11:21 | INFO | info | è¾“å…¥{"currentPath1":"files","fileUrl":"xxxxx111","log":{"batchSize":50,"consoleOutput":true,"enabled":true,"fileOutput":true,"flushIntervalSeconds":5,"keepFiles":30,"levels":{"dao":true,"debug":true,"error":true,"info":true,"severe":true,"warn":true}}}
2025-12-16 09:11:21 | INFO | error | è¾“å…¥{"currentPath1":"files","fileUrl":"xxxxx111","log":{"batchSize":50,"consoleOutput":true,"enabled":true,"fileOutput":true,"flushIntervalSeconds":5,"keepFiles":30,"levels":{"dao":true,"debug":true,"error":true,"info":true,"severe":true,"warn":true}}}
2025-12-16 09:11:21 | INFO | debug | è¾“å…¥{"currentPath1":"files","fileUrl":"xxxxx111","log":{"batchSize":50,"consoleOutput":true,"enabled":true,"fileOutput":true,"flushIntervalSeconds":5,"keepFiles":30,"levels":{"dao":true,"debug":true,"error":true,"info":true,"severe":true,"warn":true}}}
2025-12-16 09:11:21 | INFO | severe | é”™è¯¯
2025-12-16 09:11:21 | INFO | ss | é”™è¯¯
2025-12-16 09:11:21 | INFO | ss | é”™è¯¯
2025-12-16 09:12:00 | INFO | info | è¾“å…¥{"currentPath1":"files","fileUrl":"xxxxx111","log":{"batchSize":50,"consoleOutput":true,"enabled":true,"fileOutput":true,"flushIntervalSeconds":5,"keepFiles":30,"levels":{"dao":true,"debug":true,"error":true,"info":true,"severe":true,"warn":true}}}
2025-12-16 09:12:00 | INFO | info | è¾“å…¥{"currentPath1":"files","fileUrl":"xxxxx111","log":{"batchSize":50,"consoleOutput":true,"enabled":true,"fileOutput":true,"flushIntervalSeconds":5,"keepFiles":30,"levels":{"dao":true,"debug":true,"error":true,"info":true,"severe":true,"warn":true}}}
2025-12-16 09:12:00 | INFO | debug | è¾“å…¥{"currentPath1":"files","fileUrl":"xxxxx111","log":{"batchSize":50,"consoleOutput":true,"enabled":true,"fileOutput":true,"flushIntervalSeconds":5,"keepFiles":30,"levels":{"dao":true,"debug":true,"error":true,"info":true,"severe":true,"warn":true}}}
2025-12-16 09:12:00 | INFO | ss | é”™è¯¯
2025-12-16 09:12:00 | INFO | ss | é”™è¯¯
2025-12-16 09:35:35 | INFO | info | è¾“å…¥{"currentPath1":"files","fileUrl":"xxxxx111","log":{"batchSize":50,"consoleOutput":true,"enabled":true,"fileOutput":true,"flushIntervalSeconds":5,"keepFiles":30,"levels":{"dao":true,"debug":true,"error":true,"info":true,"severe":true,"warn":true}}}
2025-12-16 09:35:35 | INFO | info | è¾“å…¥{"currentPath1":"files","fileUrl":"xxxxx111","log":{"batchSize":50,"consoleOutput":true,"enabled":true,"fileOutput":true,"flushIntervalSeconds":5,"keepFiles":30,"levels":{"dao":true,"debug":true,"error":true,"info":true,"severe":true,"warn":true}}}
2025-12-16 09:35:35 | INFO | debug | è¾“å…¥{"currentPath1":"files","fileUrl":"xxxxx111","log":{"batchSize":50,"consoleOutput":true,"enabled":true,"fileOutput":true,"flushIntervalSeconds":5,"keepFiles":30,"levels":{"dao":true,"debug":true,"error":true,"info":true,"severe":true,"warn":true}}}
2025-12-16 09:35:35 | INFO | ss | é”™è¯¯
2025-12-16 09:35:35 | INFO | ss | é”™è¯¯
2025-12-16 09:39:15 | INFO | info | è¾“å…¥{"currentPath1":"files","fileUrl":"xxxxx111","log":{"batchSize":50,"consoleOutput":true,"enabled":true,"fileOutput":true,"flushIntervalSeconds":5,"keepFiles":30,"levels":{"dao":true,"debug":true,"error":true,"info":true,"severe":true,"warn":true}}}
2025-12-16 09:39:15 | INFO | info | è¾“å…¥{"currentPath1":"files","fileUrl":"xxxxx111","log":{"batchSize":50,"consoleOutput":true,"enabled":true,"fileOutput":true,"flushIntervalSeconds":5,"keepFiles":30,"levels":{"dao":true,"debug":true,"error":true,"info":true,"severe":true,"warn":true}}}
2025-12-16 09:39:15 | INFO | debug | è¾“å…¥{"currentPath1":"files","fileUrl":"xxxxx111","log":{"batchSize":50,"consoleOutput":true,"enabled":true,"fileOutput":true,"flushIntervalSeconds":5,"keepFiles":30,"levels":{"dao":true,"debug":true,"error":true,"info":true,"severe":true,"warn":true}}}
2025-12-16 09:39:15 | INFO | ss | é”™è¯¯
2025-12-16 09:39:15 | INFO | ss | é”™è¯¯
2025-12-16 09:40:31 | INFO | info | è¾“å…¥{"currentPath1":"files","fileUrl":"xxxxx111","log":{"batchSize":50,"consoleOutput":true,"enabled":true,"fileOutput":true,"flushIntervalSeconds":5,"keepFiles":30,"levels":{"dao":true,"debug":true,"error":true,"info":true,"severe":true,"warn":true}}}
2025-12-16 09:40:31 | INFO | info | è¾“å…¥{"currentPath1":"files","fileUrl":"xxxxx111","log":{"batchSize":50,"consoleOutput":true,"enabled":true,"fileOutput":true,"flushIntervalSeconds":5,"keepFiles":30,"levels":{"dao":true,"debug":true,"error":true,"info":true,"severe":true,"warn":true}}}
2025-12-16 09:40:31 | INFO | debug | è¾“å…¥{"currentPath1":"files","fileUrl":"xxxxx111","log":{"batchSize":50,"consoleOutput":true,"enabled":true,"fileOutput":true,"flushIntervalSeconds":5,"keepFiles":30,"levels":{"dao":true,"debug":true,"error":true,"info":true,"severe":true,"warn":true}}}
2025-12-16 09:40:31 | INFO | ss | é”™è¯¯
2025-12-16 09:40:31 | INFO | ss | é”™è¯¯
2025-12-16 09:41:05 | INFO | info | è¾“å…¥{"currentPath1":"files","fileUrl":"xxxxx111","log":{"batchSize":50,"consoleOutput":true,"enabled":true,"fileOutput":true,"flushIntervalSeconds":5,"keepFiles":30,"levels":{"dao":true,"debug":true,"error":true,"info":true,"severe":true,"warn":true}}}
2025-12-16 09:41:05 | INFO | info | è¾“å…¥{"currentPath1":"files","fileUrl":"xxxxx111","log":{"batchSize":50,"consoleOutput":true,"enabled":true,"fileOutput":true,"flushIntervalSeconds":5,"keepFiles":30,"levels":{"dao":true,"debug":true,"error":true,"info":true,"severe":true,"warn":true}}}
2025-12-16 09:41:05 | INFO | debug | è¾“å…¥{"currentPath1":"files","fileUrl":"xxxxx111","log":{"batchSize":50,"consoleOutput":true,"enabled":true,"fileOutput":true,"flushIntervalSeconds":5,"keepFiles":30,"levels":{"dao":true,"debug":true,"error":true,"info":true,"severe":true,"warn":true}}}
2025-12-16 09:41:05 | INFO | ss | é”™è¯¯
2025-12-16 09:41:05 | INFO | ss | é”™è¯¯
2025-12-16 09:41:20 | INFO | info | è¾“å…¥{"currentPath1":"files","fileUrl":"xxxxx111","log":{"batchSize":50,"consoleOutput":true,"enabled":true,"fileOutput":true,"flushIntervalSeconds":5,"keepFiles":30,"levels":{"dao":true,"debug":true,"error":true,"info":true,"severe":true,"warn":true}}}
2025-12-16 09:41:20 | INFO | info | è¾“å…¥{"currentPath1":"files","fileUrl":"xxxxx111","log":{"batchSize":50,"consoleOutput":true,"enabled":true,"fileOutput":true,"flushIntervalSeconds":5,"keepFiles":30,"levels":{"dao":true,"debug":true,"error":true,"info":true,"severe":true,"warn":true}}}
2025-12-16 09:41:20 | INFO | debug | è¾“å…¥{"currentPath1":"files","fileUrl":"xxxxx111","log":{"batchSize":50,"consoleOutput":true,"enabled":true,"fileOutput":true,"flushIntervalSeconds":5,"keepFiles":30,"levels":{"dao":true,"debug":true,"error":true,"info":true,"severe":true,"warn":true}}}
2025-12-16 09:41:20 | INFO | ss | é”™è¯¯
2025-12-16 09:41:20 | INFO | ss | é”™è¯¯
2025-12-16 09:46:13 | INFO | info | è¾“å…¥{"currentPath1":"files","fileUrl":"xxxxx111","log":{"batchSize":50,"consoleOutput":true,"enabled":true,"fileOutput":true,"flushIntervalSeconds":5,"keepFiles":30,"levels":{"dao":true,"debug":true,"error":true,"info":true,"severe":true,"warn":true}}}
2025-12-16 09:46:13 | INFO | info | è¾“å…¥{"currentPath1":"files","fileUrl":"xxxxx111","log":{"batchSize":50,"consoleOutput":true,"enabled":true,"fileOutput":true,"flushIntervalSeconds":5,"keepFiles":30,"levels":{"dao":true,"debug":true,"error":true,"info":true,"severe":true,"warn":true}}}
2025-12-16 09:46:13 | INFO | debug | è¾“å…¥{"currentPath1":"files","fileUrl":"xxxxx111","log":{"batchSize":50,"consoleOutput":true,"enabled":true,"fileOutput":true,"flushIntervalSeconds":5,"keepFiles":30,"levels":{"dao":true,"debug":true,"error":true,"info":true,"severe":true,"warn":true}}}
2025-12-16 09:46:13 | INFO | ss | é”™è¯¯
2025-12-16 09:46:13 | INFO | ss | é”™è¯¯
2025-12-16 09:53:25 | INFO | info | è¾“å…¥{"currentPath1":"files","fileUrl":"xxxxx111","log":{"batchSize":50,"consoleOutput":true,"enabled":true,"fileOutput":true,"flushIntervalSeconds":5,"keepFiles":30,"levels":{"dao":true,"debug":true,"error":true,"info":true,"severe":true,"warn":true}}}
2025-12-16 09:53:25 | INFO | info | è¾“å…¥{"currentPath1":"files","fileUrl":"xxxxx111","log":{"batchSize":50,"consoleOutput":true,"enabled":true,"fileOutput":true,"flushIntervalSeconds":5,"keepFiles":30,"levels":{"dao":true,"debug":true,"error":true,"info":true,"severe":true,"warn":true}}}
2025-12-16 09:53:25 | INFO | debug | è¾“å…¥{"currentPath1":"files","fileUrl":"xxxxx111","log":{"batchSize":50,"consoleOutput":true,"enabled":true,"fileOutput":true,"flushIntervalSeconds":5,"keepFiles":30,"levels":{"dao":true,"debug":true,"error":true,"info":true,"severe":true,"warn":true}}}
2025-12-16 09:53:25 | INFO | ss | é”™è¯¯
2025-12-16 09:53:25 | INFO | ss | é”™è¯¯
2025-12-16 09:54:14 | INFO | info | è¾“å…¥{"currentPath1":"files","fileUrl":"xxxxx111","log":{"batchSize":50,"consoleOutput":true,"enabled":true,"fileOutput":true,"flushIntervalSeconds":5,"keepFiles":30,"levels":{"dao":true,"debug":true,"error":true,"info":true,"severe":true,"warn":true}}}
2025-12-16 09:54:14 | INFO | info | è¾“å…¥{"currentPath1":"files","fileUrl":"xxxxx111","log":{"batchSize":50,"consoleOutput":true,"enabled":true,"fileOutput":true,"flushIntervalSeconds":5,"keepFiles":30,"levels":{"dao":true,"debug":true,"error":true,"info":true,"severe":true,"warn":true}}}
2025-12-16 09:54:14 | INFO | debug | è¾“å…¥{"currentPath1":"files","fileUrl":"xxxxx111","log":{"batchSize":50,"consoleOutput":true,"enabled":true,"fileOutput":true,"flushIntervalSeconds":5,"keepFiles":30,"levels":{"dao":true,"debug":true,"error":true,"info":true,"severe":true,"warn":true}}}
2025-12-16 09:54:14 | INFO | ss | é”™è¯¯
2025-12-16 09:54:14 | INFO | ss | é”™è¯¯
2025-12-16 09:54:43 | INFO | info | è¾“å…¥{"currentPath1":"files","fileUrl":"xxxxx111","log":{"batchSize":50,"consoleOutput":true,"enabled":true,"fileOutput":true,"flushIntervalSeconds":5,"keepFiles":30,"levels":{"dao":true,"debug":true,"error":true,"info":true,"severe":true,"warn":true}}}
2025-12-16 09:54:43 | INFO | info | è¾“å…¥{"currentPath1":"files","fileUrl":"xxxxx111","log":{"batchSize":50,"consoleOutput":true,"enabled":true,"fileOutput":true,"flushIntervalSeconds":5,"keepFiles":30,"levels":{"dao":true,"debug":true,"error":true,"info":true,"severe":true,"warn":true}}}
2025-12-16 09:54:43 | INFO | debug | è¾“å…¥{"currentPath1":"files","fileUrl":"xxxxx111","log":{"batchSize":50,"consoleOutput":true,"enabled":true,"fileOutput":true,"flushIntervalSeconds":5,"keepFiles":30,"levels":{"dao":true,"debug":true,"error":true,"info":true,"severe":true,"warn":true}}}
2025-12-16 09:54:43 | INFO | ss | é”™è¯¯
2025-12-16 09:54:43 | INFO | ss | é”™è¯¯
2025-12-16 09:54:55 | INFO | info | è¾“å…¥{"currentPath1":"files","fileUrl":"xxxxx111","log":{"batchSize":50,"consoleOutput":true,"enabled":true,"fileOutput":true,"flushIntervalSeconds":5,"keepFiles":30,"levels":{"dao":true,"debug":true,"error":true,"info":true,"severe":true,"warn":true}}}
2025-12-16 09:54:55 | INFO | info | è¾“å…¥{"currentPath1":"files","fileUrl":"xxxxx111","log":{"batchSize":50,"consoleOutput":true,"enabled":true,"fileOutput":true,"flushIntervalSeconds":5,"keepFiles":30,"levels":{"dao":true,"debug":true,"error":true,"info":true,"severe":true,"warn":true}}}
2025-12-16 09:54:55 | INFO | debug | è¾“å…¥{"currentPath1":"files","fileUrl":"xxxxx111","log":{"batchSize":50,"consoleOutput":true,"enabled":true,"fileOutput":true,"flushIntervalSeconds":5,"keepFiles":30,"levels":{"dao":true,"debug":true,"error":true,"info":true,"severe":true,"warn":true}}}
2025-12-16 09:54:55 | INFO | ss | é”™è¯¯
2025-12-16 09:54:55 | INFO | ss | é”™è¯¯
2025-12-16 09:55:16 | INFO | info | è¾“å…¥{"currentPath1":"files","fileUrl":"xxxxx111","log":{"batchSize":50,"consoleOutput":true,"enabled":true,"fileOutput":true,"flushIntervalSeconds":5,"keepFiles":30,"levels":{"dao":true,"debug":true,"error":true,"info":true,"severe":true,"warn":true}}}
2025-12-16 09:55:16 | INFO | info | è¾“å…¥{"currentPath1":"files","fileUrl":"xxxxx111","log":{"batchSize":50,"consoleOutput":true,"enabled":true,"fileOutput":true,"flushIntervalSeconds":5,"keepFiles":30,"levels":{"dao":true,"debug":true,"error":true,"info":true,"severe":true,"warn":true}}}
2025-12-16 09:55:16 | INFO | debug | è¾“å…¥{"currentPath1":"files","fileUrl":"xxxxx111","log":{"batchSize":50,"consoleOutput":true,"enabled":true,"fileOutput":true,"flushIntervalSeconds":5,"keepFiles":30,"levels":{"dao":true,"debug":true,"error":true,"info":true,"severe":true,"warn":true}}}
2025-12-16 09:55:16 | INFO | ss | é”™è¯¯
2025-12-16 09:55:16 | INFO | ss | é”™è¯¯
2025-12-16 09:56:14 | INFO | info | è¾“å…¥{"currentPath1":"files","fileUrl":"xxxxx111","log":{"batchSize":50,"consoleOutput":true,"enabled":true,"fileOutput":true,"flushIntervalSeconds":5,"keepFiles":30,"levels":{"dao":true,"debug":true,"error":true,"info":true,"severe":true,"warn":true}}}
2025-12-16 09:56:14 | INFO | info | è¾“å…¥{"currentPath1":"files","fileUrl":"xxxxx111","log":{"batchSize":50,"consoleOutput":true,"enabled":true,"fileOutput":true,"flushIntervalSeconds":5,"keepFiles":30,"levels":{"dao":true,"debug":true,"error":true,"info":true,"severe":true,"warn":true}}}
2025-12-16 09:56:14 | INFO | debug | è¾“å…¥{"currentPath1":"files","fileUrl":"xxxxx111","log":{"batchSize":50,"consoleOutput":true,"enabled":true,"fileOutput":true,"flushIntervalSeconds":5,"keepFiles":30,"levels":{"dao":true,"debug":true,"error":true,"info":true,"severe":true,"warn":true}}}
2025-12-16 09:56:14 | INFO | ss | é”™è¯¯
2025-12-16 09:56:14 | INFO | ss | é”™è¯¯
2025-12-16 09:57:11 | INFO | info | è¾“å…¥{"currentPath1":"files","fileUrl":"xxxxx111","log":{"batchSize":50,"consoleOutput":true,"enabled":true,"fileOutput":true,"flushIntervalSeconds":5,"keepFiles":30,"levels":{"dao":true,"debug":true,"error":true,"info":true,"severe":true,"warn":true}}}
2025-12-16 09:57:11 | INFO | info | è¾“å…¥{"currentPath1":"files","fileUrl":"xxxxx111","log":{"batchSize":50,"consoleOutput":true,"enabled":true,"fileOutput":true,"flushIntervalSeconds":5,"keepFiles":30,"levels":{"dao":true,"debug":true,"error":true,"info":true,"severe":true,"warn":true}}}
2025-12-16 09:57:11 | INFO | debug | è¾“å…¥{"currentPath1":"files","fileUrl":"xxxxx111","log":{"batchSize":50,"consoleOutput":true,"enabled":true,"fileOutput":true,"flushIntervalSeconds":5,"keepFiles":30,"levels":{"dao":true,"debug":true,"error":true,"info":true,"severe":true,"warn":true}}}
2025-12-16 09:57:11 | INFO | ss | é”™è¯¯
2025-12-16 09:57:11 | INFO | ss | é”™è¯¯
2025-12-16 09:58:20 | INFO | info | è¾“å…¥{"currentPath1":"files","fileUrl":"xxxxx111","log":{"batchSize":50,"consoleOutput":true,"enabled":true,"fileOutput":true,"flushIntervalSeconds":5,"keepFiles":30,"levels":{"dao":true,"debug":true,"error":true,"info":true,"severe":true,"warn":true}}}
2025-12-16 09:58:20 | INFO | info | è¾“å…¥{"currentPath1":"files","fileUrl":"xxxxx111","log":{"batchSize":50,"consoleOutput":true,"enabled":true,"fileOutput":true,"flushIntervalSeconds":5,"keepFiles":30,"levels":{"dao":true,"debug":true,"error":true,"info":true,"severe":true,"warn":true}}}
2025-12-16 09:58:20 | INFO | debug | è¾“å…¥{"currentPath1":"files","fileUrl":"xxxxx111","log":{"batchSize":50,"consoleOutput":true,"enabled":true,"fileOutput":true,"flushIntervalSeconds":5,"keepFiles":30,"levels":{"dao":true,"debug":true,"error":true,"info":true,"severe":true,"warn":true}}}
2025-12-16 09:58:20 | INFO | ss | é”™è¯¯
2025-12-16 09:58:20 | INFO | ss | é”™è¯¯
2025-12-16 09:58:49 | INFO | info | è¾“å…¥{"currentPath1":"files","fileUrl":"xxxxx111","log":{"batchSize":50,"consoleOutput":true,"enabled":true,"fileOutput":true,"flushIntervalSeconds":5,"keepFiles":30,"levels":{"dao":true,"debug":true,"error":true,"info":true,"severe":true,"warn":true}}}
2025-12-16 09:58:49 | INFO | info | è¾“å…¥{"currentPath1":"files","fileUrl":"xxxxx111","log":{"batchSize":50,"consoleOutput":true,"enabled":true,"fileOutput":true,"flushIntervalSeconds":5,"keepFiles":30,"levels":{"dao":true,"debug":true,"error":true,"info":true,"severe":true,"warn":true}}}
2025-12-16 09:58:49 | INFO | debug | è¾“å…¥{"currentPath1":"files","fileUrl":"xxxxx111","log":{"batchSize":50,"consoleOutput":true,"enabled":true,"fileOutput":true,"flushIntervalSeconds":5,"keepFiles":30,"levels":{"dao":true,"debug":true,"error":true,"info":true,"severe":true,"warn":true}}}
2025-12-16 09:58:49 | INFO | ss | é”™è¯¯
2025-12-16 09:58:49 | INFO | ss | é”™è¯¯
2025-12-16 09:59:04 | INFO | info | è¾“å…¥{"currentPath1":"files","fileUrl":"xxxxx111","log":{"batchSize":50,"consoleOutput":true,"enabled":true,"fileOutput":true,"flushIntervalSeconds":5,"keepFiles":30,"levels":{"dao":true,"debug":true,"error":true,"info":true,"severe":true,"warn":true}}}
2025-12-16 09:59:04 | INFO | info | è¾“å…¥{"currentPath1":"files","fileUrl":"xxxxx111","log":{"batchSize":50,"consoleOutput":true,"enabled":true,"fileOutput":true,"flushIntervalSeconds":5,"keepFiles":30,"levels":{"dao":true,"debug":true,"error":true,"info":true,"severe":true,"warn":true}}}
2025-12-16 09:59:04 | INFO | debug | è¾“å…¥{"currentPath1":"files","fileUrl":"xxxxx111","log":{"batchSize":50,"consoleOutput":true,"enabled":true,"fileOutput":true,"flushIntervalSeconds":5,"keepFiles":30,"levels":{"dao":true,"debug":true,"error":true,"info":true,"severe":true,"warn":true}}}
2025-12-16 09:59:04 | INFO | ss | é”™è¯¯
2025-12-16 09:59:04 | INFO | ss | é”™è¯¯
2025-12-16 10:01:15 | INFO | info | è¾“å…¥{"currentPath1":"files","fileUrl":"xxxxx111","log":{"batchSize":50,"consoleOutput":true,"enabled":true,"fileOutput":true,"flushIntervalSeconds":5,"keepFiles":30,"levels":{"dao":true,"debug":true,"error":true,"info":true,"severe":true,"warn":true}}}
2025-12-16 10:01:15 | INFO | info | è¾“å…¥{"currentPath1":"files","fileUrl":"xxxxx111","log":{"batchSize":50,"consoleOutput":true,"enabled":true,"fileOutput":true,"flushIntervalSeconds":5,"keepFiles":30,"levels":{"dao":true,"debug":true,"error":true,"info":true,"severe":true,"warn":true}}}
2025-12-16 10:01:15 | INFO | debug | è¾“å…¥{"currentPath1":"files","fileUrl":"xxxxx111","log":{"batchSize":50,"consoleOutput":true,"enabled":true,"fileOutput":true,"flushIntervalSeconds":5,"keepFiles":30,"levels":{"dao":true,"debug":true,"error":true,"info":true,"severe":true,"warn":true}}}
2025-12-16 10:01:15 | INFO | ss | é”™è¯¯
2025-12-16 10:01:15 | INFO | ss | é”™è¯¯
2025-12-16 10:02:14 | INFO | info | è¾“å…¥{"currentPath1":"files","fileUrl":"xxxxx111","log":{"batchSize":50,"consoleOutput":true,"enabled":true,"fileOutput":true,"flushIntervalSeconds":5,"keepFiles":30,"levels":{"dao":true,"debug":true,"error":true,"info":true,"severe":true,"warn":true}}}
2025-12-16 10:02:14 | INFO | info | è¾“å…¥{"currentPath1":"files","fileUrl":"xxxxx111","log":{"batchSize":50,"consoleOutput":true,"enabled":true,"fileOutput":true,"flushIntervalSeconds":5,"keepFiles":30,"levels":{"dao":true,"debug":true,"error":true,"info":true,"severe":true,"warn":true}}}
2025-12-16 10:02:14 | INFO | debug | è¾“å…¥{"currentPath1":"files","fileUrl":"xxxxx111","log":{"batchSize":50,"consoleOutput":true,"enabled":true,"fileOutput":true,"flushIntervalSeconds":5,"keepFiles":30,"levels":{"dao":true,"debug":true,"error":true,"info":true,"severe":true,"warn":true}}}
2025-12-16 10:02:14 | INFO | ss | é”™è¯¯
2025-12-16 10:02:14 | INFO | ss | é”™è¯¯
2025-12-16 10:02:50 | INFO | info | è¾“å…¥{"currentPath1":"files","fileUrl":"xxxxx111","log":{"batchSize":50,"consoleOutput":true,"enabled":true,"fileOutput":true,"flushIntervalSeconds":5,"keepFiles":30,"levels":{"dao":true,"debug":true,"error":true,"info":true,"severe":true,"warn":true}}}
2025-12-16 10:02:50 | INFO | info | è¾“å…¥{"currentPath1":"files","fileUrl":"xxxxx111","log":{"batchSize":50,"consoleOutput":true,"enabled":true,"fileOutput":true,"flushIntervalSeconds":5,"keepFiles":30,"levels":{"dao":true,"debug":true,"error":true,"info":true,"severe":true,"warn":true}}}
2025-12-16 10:02:50 | INFO | debug | è¾“å…¥{"currentPath1":"files","fileUrl":"xxxxx111","log":{"batchSize":50,"consoleOutput":true,"enabled":true,"fileOutput":true,"flushIntervalSeconds":5,"keepFiles":30,"levels":{"dao":true,"debug":true,"error":true,"info":true,"severe":true,"warn":true}}}
2025-12-16 10:02:50 | INFO | ss | é”™è¯¯
2025-12-16 10:02:50 | INFO | ss | é”™è¯¯
2025-12-16 10:03:12 | INFO | info | è¾“å…¥{"currentPath1":"files","fileUrl":"xxxxx111","log":{"batchSize":50,"consoleOutput":true,"enabled":true,"fileOutput":true,"flushIntervalSeconds":5,"keepFiles":30,"levels":{"dao":true,"debug":true,"error":true,"info":true,"severe":true,"warn":true}}}
2025-12-16 10:03:12 | INFO | info | è¾“å…¥{"currentPath1":"files","fileUrl":"xxxxx111","log":{"batchSize":50,"consoleOutput":true,"enabled":true,"fileOutput":true,"flushIntervalSeconds":5,"keepFiles":30,"levels":{"dao":true,"debug":true,"error":true,"info":true,"severe":true,"warn":true}}}
2025-12-16 10:03:12 | INFO | debug | è¾“å…¥{"currentPath1":"files","fileUrl":"xxxxx111","log":{"batchSize":50,"consoleOutput":true,"enabled":true,"fileOutput":true,"flushIntervalSeconds":5,"keepFiles":30,"levels":{"dao":true,"debug":true,"error":true,"info":true,"severe":true,"warn":true}}}
2025-12-16 10:03:12 | INFO | ss | é”™è¯¯
2025-12-16 10:03:12 | INFO | ss | é”™è¯¯
2025-12-16 10:12:25 | INFO | info | è¾“å…¥{"currentPath1":"files","fileUrl":"xxxxx111","log":{"batchSize":50,"consoleOutput":true,"enabled":true,"fileOutput":true,"flushIntervalSeconds":5,"keepFiles":30,"levels":{"dao":true,"debug":true,"error":true,"info":true,"severe":true,"warn":true}}}
2025-12-16 10:12:25 | INFO | info | è¾“å…¥{"currentPath1":"files","fileUrl":"xxxxx111","log":{"batchSize":50,"consoleOutput":true,"enabled":true,"fileOutput":true,"flushIntervalSeconds":5,"keepFiles":30,"levels":{"dao":true,"debug":true,"error":true,"info":true,"severe":true,"warn":true}}}
2025-12-16 10:12:25 | INFO | debug | è¾“å…¥{"currentPath1":"files","fileUrl":"xxxxx111","log":{"batchSize":50,"consoleOutput":true,"enabled":true,"fileOutput":true,"flushIntervalSeconds":5,"keepFiles":30,"levels":{"dao":true,"debug":true,"error":true,"info":true,"severe":true,"warn":true}}}
2025-12-16 10:12:25 | INFO | ss | é”™è¯¯
2025-12-16 10:12:25 | INFO | ss | é”™è¯¯
2025-12-16 10:14:18 | INFO | info | è¾“å…¥{"currentPath1":"files","fileUrl":"xxxxx111","log":{"batchSize":50,"consoleOutput":true,"enabled":true,"fileOutput":true,"flushIntervalSeconds":5,"keepFiles":30,"levels":{"dao":true,"debug":true,"error":true,"info":true,"severe":true,"warn":true}}}
2025-12-16 10:14:18 | INFO | info | è¾“å…¥{"currentPath1":"files","fileUrl":"xxxxx111","log":{"batchSize":50,"consoleOutput":true,"enabled":true,"fileOutput":true,"flushIntervalSeconds":5,"keepFiles":30,"levels":{"dao":true,"debug":true,"error":true,"info":true,"severe":true,"warn":true}}}
2025-12-16 10:14:18 | INFO | debug | è¾“å…¥{"currentPath1":"files","fileUrl":"xxxxx111","log":{"batchSize":50,"consoleOutput":true,"enabled":true,"fileOutput":true,"flushIntervalSeconds":5,"keepFiles":30,"levels":{"dao":true,"debug":true,"error":true,"info":true,"severe":true,"warn":true}}}
2025-12-16 10:14:18 | INFO | ss | é”™è¯¯
2025-12-16 10:14:18 | INFO | ss | é”™è¯¯
2025-12-16 10:15:21 | INFO | info | è¾“å…¥{"currentPath1":"files","fileUrl":"xxxxx111","log":{"batchSize":50,"consoleOutput":true,"enabled":true,"fileOutput":true,"flushIntervalSeconds":5,"keepFiles":30,"levels":{"dao":true,"debug":true,"error":true,"info":true,"severe":true,"warn":true}}}
2025-12-16 10:15:21 | INFO | info | è¾“å…¥{"currentPath1":"files","fileUrl":"xxxxx111","log":{"batchSize":50,"consoleOutput":true,"enabled":true,"fileOutput":true,"flushIntervalSeconds":5,"keepFiles":30,"levels":{"dao":true,"debug":true,"error":true,"info":true,"severe":true,"warn":true}}}
2025-12-16 10:15:21 | INFO | debug | è¾“å…¥{"currentPath1":"files","fileUrl":"xxxxx111","log":{"batchSize":50,"consoleOutput":true,"enabled":true,"fileOutput":true,"flushIntervalSeconds":5,"keepFiles":30,"levels":{"dao":true,"debug":true,"error":true,"info":true,"severe":true,"warn":true}}}
2025-12-16 10:15:21 | INFO | ss | é”™è¯¯
2025-12-16 10:15:21 | INFO | ss | é”™è¯¯
2025-12-16 10:20:22 | INFO | info | è¾“å…¥{"currentPath1":"files","fileUrl":"xxxxx111","log":{"batchSize":50,"consoleOutput":true,"enabled":true,"fileOutput":true,"flushIntervalSeconds":5,"keepFiles":30,"levels":{"dao":true,"debug":true,"error":true,"info":true,"severe":true,"warn":true}}}
2025-12-16 10:20:22 | INFO | info | è¾“å…¥{"currentPath1":"files","fileUrl":"xxxxx111","log":{"batchSize":50,"consoleOutput":true,"enabled":true,"fileOutput":true,"flushIntervalSeconds":5,"keepFiles":30,"levels":{"dao":true,"debug":true,"error":true,"info":true,"severe":true,"warn":true}}}
2025-12-16 10:20:22 | INFO | debug | è¾“å…¥{"currentPath1":"files","fileUrl":"xxxxx111","log":{"batchSize":50,"consoleOutput":true,"enabled":true,"fileOutput":true,"flushIntervalSeconds":5,"keepFiles":30,"levels":{"dao":true,"debug":true,"error":true,"info":true,"severe":true,"warn":true}}}
2025-12-16 10:20:22 | INFO | ss | é”™è¯¯
2025-12-16 10:20:22 | INFO | ss | é”™è¯¯
2025-12-16 10:21:14 | INFO | info | è¾“å…¥{"currentPath1":"files","fileUrl":"xxxxx111","log":{"batchSize":50,"consoleOutput":true,"enabled":true,"fileOutput":true,"flushIntervalSeconds":5,"keepFiles":30,"levels":{"dao":true,"debug":true,"error":true,"info":true,"severe":true,"warn":true}}}
2025-12-16 10:21:14 | INFO | info | è¾“å…¥{"currentPath1":"files","fileUrl":"xxxxx111","log":{"batchSize":50,"consoleOutput":true,"enabled":true,"fileOutput":true,"flushIntervalSeconds":5,"keepFiles":30,"levels":{"dao":true,"debug":true,"error":true,"info":true,"severe":true,"warn":true}}}
2025-12-16 10:21:14 | INFO | debug | è¾“å…¥{"currentPath1":"files","fileUrl":"xxxxx111","log":{"batchSize":50,"consoleOutput":true,"enabled":true,"fileOutput":true,"flushIntervalSeconds":5,"keepFiles":30,"levels":{"dao":true,"debug":true,"error":true,"info":true,"severe":true,"warn":true}}}
2025-12-16 10:21:14 | INFO | ss | é”™è¯¯
2025-12-16 10:21:14 | INFO | ss | é”™è¯¯
2025-12-16 10:21:42 | INFO | info | è¾“å…¥{"currentPath1":"files","fileUrl":"xxxxx111","log":{"batchSize":50,"consoleOutput":true,"enabled":true,"fileOutput":true,"flushIntervalSeconds":5,"keepFiles":30,"levels":{"dao":true,"debug":true,"error":true,"info":true,"severe":true,"warn":true}}}
2025-12-16 10:21:42 | INFO | info | è¾“å…¥{"currentPath1":"files","fileUrl":"xxxxx111","log":{"batchSize":50,"consoleOutput":true,"enabled":true,"fileOutput":true,"flushIntervalSeconds":5,"keepFiles":30,"levels":{"dao":true,"debug":true,"error":true,"info":true,"severe":true,"warn":true}}}
2025-12-16 10:21:42 | INFO | debug | è¾“å…¥{"currentPath1":"files","fileUrl":"xxxxx111","log":{"batchSize":50,"consoleOutput":true,"enabled":true,"fileOutput":true,"flushIntervalSeconds":5,"keepFiles":30,"levels":{"dao":true,"debug":true,"error":true,"info":true,"severe":true,"warn":true}}}
2025-12-16 10:21:42 | INFO | ss | é”™è¯¯
2025-12-16 10:21:42 | INFO | ss | é”™è¯¯
2025-12-16 10:24:52 | INFO | info | è¾“å…¥{"currentPath1":"files","fileUrl":"xxxxx111","log":{"batchSize":50,"consoleOutput":true,"enabled":true,"fileOutput":true,"flushIntervalSeconds":5,"keepFiles":30,"levels":{"dao":true,"debug":true,"error":true,"info":true,"severe":true,"warn":true}}}
2025-12-16 10:24:52 | INFO | info | è¾“å…¥{"currentPath1":"files","fileUrl":"xxxxx111","log":{"batchSize":50,"consoleOutput":true,"enabled":true,"fileOutput":true,"flushIntervalSeconds":5,"keepFiles":30,"levels":{"dao":true,"debug":true,"error":true,"info":true,"severe":true,"warn":true}}}
2025-12-16 10:24:52 | INFO | debug | è¾“å…¥{"currentPath1":"files","fileUrl":"xxxxx111","log":{"batchSize":50,"consoleOutput":true,"enabled":true,"fileOutput":true,"flushIntervalSeconds":5,"keepFiles":30,"levels":{"dao":true,"debug":true,"error":true,"info":true,"severe":true,"warn":true}}}
2025-12-16 10:24:52 | INFO | ss | é”™è¯¯
2025-12-16 10:24:52 | INFO | ss | é”™è¯¯
2025-12-16 10:25:19 | INFO | info | è¾“å…¥{"currentPath1":"files","fileUrl":"xxxxx111","log":{"batchSize":50,"consoleOutput":true,"enabled":true,"fileOutput":true,"flushIntervalSeconds":5,"keepFiles":30,"levels":{"dao":true,"debug":true,"error":true,"info":true,"severe":true,"warn":true}}}
2025-12-16 10:25:19 | INFO | info | è¾“å…¥{"currentPath1":"files","fileUrl":"xxxxx111","log":{"batchSize":50,"consoleOutput":true,"enabled":true,"fileOutput":true,"flushIntervalSeconds":5,"keepFiles":30,"levels":{"dao":true,"debug":true,"error":true,"info":true,"severe":true,"warn":true}}}
2025-12-16 10:25:19 | INFO | debug | è¾“å…¥{"currentPath1":"files","fileUrl":"xxxxx111","log":{"batchSize":50,"consoleOutput":true,"enabled":true,"fileOutput":true,"flushIntervalSeconds":5,"keepFiles":30,"levels":{"dao":true,"debug":true,"error":true,"info":true,"severe":true,"warn":true}}}
2025-12-16 10:25:19 | INFO | ss | é”™è¯¯
2025-12-16 10:25:19 | INFO | ss | é”™è¯¯
2025-12-16 10:25:51 | INFO | info | è¾“å…¥{"currentPath1":"files","fileUrl":"xxxxx111","log":{"batchSize":50,"consoleOutput":true,"enabled":true,"fileOutput":true,"flushIntervalSeconds":5,"keepFiles":30,"levels":{"dao":true,"debug":true,"error":true,"info":true,"severe":true,"warn":true}}}
2025-12-16 10:25:51 | INFO | info | è¾“å…¥{"currentPath1":"files","fileUrl":"xxxxx111","log":{"batchSize":50,"consoleOutput":true,"enabled":true,"fileOutput":true,"flushIntervalSeconds":5,"keepFiles":30,"levels":{"dao":true,"debug":true,"error":true,"info":true,"severe":true,"warn":true}}}
2025-12-16 10:25:51 | INFO | debug | è¾“å…¥{"currentPath1":"files","fileUrl":"xxxxx111","log":{"batchSize":50,"consoleOutput":true,"enabled":true,"fileOutput":true,"flushIntervalSeconds":5,"keepFiles":30,"levels":{"dao":true,"debug":true,"error":true,"info":true,"severe":true,"warn":true}}}
2025-12-16 10:25:51 | INFO | ss | é”™è¯¯
2025-12-16 10:25:51 | INFO | ss | é”™è¯¯
2025-12-16 10:26:23 | INFO | info | è¾“å…¥{"currentPath1":"files","fileUrl":"xxxxx111","log":{"batchSize":50,"consoleOutput":true,"enabled":true,"fileOutput":true,"flushIntervalSeconds":5,"keepFiles":30,"levels":{"dao":true,"debug":true,"error":true,"info":true,"severe":true,"warn":true}}}
2025-12-16 10:26:23 | INFO | info | è¾“å…¥{"currentPath1":"files","fileUrl":"xxxxx111","log":{"batchSize":50,"consoleOutput":true,"enabled":true,"fileOutput":true,"flushIntervalSeconds":5,"keepFiles":30,"levels":{"dao":true,"debug":true,"error":true,"info":true,"severe":true,"warn":true}}}
2025-12-16 10:26:23 | INFO | debug | è¾“å…¥{"currentPath1":"files","fileUrl":"xxxxx111","log":{"batchSize":50,"consoleOutput":true,"enabled":true,"fileOutput":true,"flushIntervalSeconds":5,"keepFiles":30,"levels":{"dao":true,"debug":true,"error":true,"info":true,"severe":true,"warn":true}}}
2025-12-16 10:26:23 | INFO | ss | é”™è¯¯
2025-12-16 10:26:23 | INFO | ss | é”™è¯¯
2025-12-16 10:26:54 | INFO | info | è¾“å…¥{"currentPath1":"files","fileUrl":"xxxxx111","log":{"batchSize":50,"consoleOutput":true,"enabled":true,"fileOutput":true,"flushIntervalSeconds":5,"keepFiles":30,"levels":{"dao":true,"debug":true,"error":true,"info":true,"severe":true,"warn":true}}}
2025-12-16 10:26:54 | INFO | info | è¾“å…¥{"currentPath1":"files","fileUrl":"xxxxx111","log":{"batchSize":50,"consoleOutput":true,"enabled":true,"fileOutput":true,"flushIntervalSeconds":5,"keepFiles":30,"levels":{"dao":true,"debug":true,"error":true,"info":true,"severe":true,"warn":true}}}
2025-12-16 10:26:54 | INFO | debug | è¾“å…¥{"currentPath1":"files","fileUrl":"xxxxx111","log":{"batchSize":50,"consoleOutput":true,"enabled":true,"fileOutput":true,"flushIntervalSeconds":5,"keepFiles":30,"levels":{"dao":true,"debug":true,"error":true,"info":true,"severe":true,"warn":true}}}
2025-12-16 10:26:54 | INFO | ss | é”™è¯¯
2025-12-16 10:26:54 | INFO | ss | é”™è¯¯
2025-12-16 10:27:18 | INFO | info | è¾“å…¥{"currentPath1":"files","fileUrl":"xxxxx111","log":{"batchSize":50,"consoleOutput":true,"enabled":true,"fileOutput":true,"flushIntervalSeconds":5,"keepFiles":30,"levels":{"dao":true,"debug":true,"error":true,"info":true,"severe":true,"warn":true}}}
2025-12-16 10:27:18 | INFO | info | è¾“å…¥{"currentPath1":"files","fileUrl":"xxxxx111","log":{"batchSize":50,"consoleOutput":true,"enabled":true,"fileOutput":true,"flushIntervalSeconds":5,"keepFiles":30,"levels":{"dao":true,"debug":true,"error":true,"info":true,"severe":true,"warn":true}}}
2025-12-16 10:27:18 | INFO | debug | è¾“å…¥{"currentPath1":"files","fileUrl":"xxxxx111","log":{"batchSize":50,"consoleOutput":true,"enabled":true,"fileOutput":true,"flushIntervalSeconds":5,"keepFiles":30,"levels":{"dao":true,"debug":true,"error":true,"info":true,"severe":true,"warn":true}}}
2025-12-16 10:27:18 | INFO | ss | é”™è¯¯
2025-12-16 10:27:18 | INFO | ss | é”™è¯¯
2025-12-16 10:27:44 | INFO | info | è¾“å…¥{"currentPath1":"files","fileUrl":"xxxxx111","log":{"batchSize":50,"consoleOutput":true,"enabled":true,"fileOutput":true,"flushIntervalSeconds":5,"keepFiles":30,"levels":{"dao":true,"debug":true,"error":true,"info":true,"severe":true,"warn":true}}}
2025-12-16 10:27:44 | INFO | info | è¾“å…¥{"currentPath1":"files","fileUrl":"xxxxx111","log":{"batchSize":50,"consoleOutput":true,"enabled":true,"fileOutput":true,"flushIntervalSeconds":5,"keepFiles":30,"levels":{"dao":true,"debug":true,"error":true,"info":true,"severe":true,"warn":true}}}
2025-12-16 10:27:44 | INFO | debug | è¾“å…¥{"currentPath1":"files","fileUrl":"xxxxx111","log":{"batchSize":50,"consoleOutput":true,"enabled":true,"fileOutput":true,"flushIntervalSeconds":5,"keepFiles":30,"levels":{"dao":true,"debug":true,"error":true,"info":true,"severe":true,"warn":true}}}
2025-12-16 10:27:44 | INFO | ss | é”™è¯¯
2025-12-16 10:27:44 | INFO | ss | é”™è¯¯
2025-12-16 10:28:03 | INFO | info | è¾“å…¥{"currentPath1":"files","fileUrl":"xxxxx111","log":{"batchSize":50,"consoleOutput":true,"enabled":true,"fileOutput":true,"flushIntervalSeconds":5,"keepFiles":30,"levels":{"dao":true,"debug":true,"error":true,"info":true,"severe":true,"warn":true}}}
2025-12-16 10:28:03 | INFO | info | è¾“å…¥{"currentPath1":"files","fileUrl":"xxxxx111","log":{"batchSize":50,"consoleOutput":true,"enabled":true,"fileOutput":true,"flushIntervalSeconds":5,"keepFiles":30,"levels":{"dao":true,"debug":true,"error":true,"info":true,"severe":true,"warn":true}}}
2025-12-16 10:28:03 | INFO | debug | è¾“å…¥{"currentPath1":"files","fileUrl":"xxxxx111","log":{"batchSize":50,"consoleOutput":true,"enabled":true,"fileOutput":true,"flushIntervalSeconds":5,"keepFiles":30,"levels":{"dao":true,"debug":true,"error":true,"info":true,"severe":true,"warn":true}}}
2025-12-16 10:28:03 | INFO | ss | é”™è¯¯
2025-12-16 10:28:03 | INFO | ss | é”™è¯¯
2025-12-16 10:28:17 | INFO | info | è¾“å…¥{"currentPath1":"files","fileUrl":"xxxxx111","log":{"batchSize":50,"consoleOutput":true,"enabled":true,"fileOutput":true,"flushIntervalSeconds":5,"keepFiles":30,"levels":{"dao":true,"debug":true,"error":true,"info":true,"severe":true,"warn":true}}}
2025-12-16 10:28:17 | INFO | info | è¾“å…¥{"currentPath1":"files","fileUrl":"xxxxx111","log":{"batchSize":50,"consoleOutput":true,"enabled":true,"fileOutput":true,"flushIntervalSeconds":5,"keepFiles":30,"levels":{"dao":true,"debug":true,"error":true,"info":true,"severe":true,"warn":true}}}
2025-12-16 10:28:17 | INFO | debug | è¾“å…¥{"currentPath1":"files","fileUrl":"xxxxx111","log":{"batchSize":50,"consoleOutput":true,"enabled":true,"fileOutput":true,"flushIntervalSeconds":5,"keepFiles":30,"levels":{"dao":true,"debug":true,"error":true,"info":true,"severe":true,"warn":true}}}
2025-12-16 10:28:17 | INFO | ss | é”™è¯¯
2025-12-16 10:28:17 | INFO | ss | é”™è¯¯
2025-12-16 10:28:36 | INFO | info | è¾“å…¥{"currentPath1":"files","fileUrl":"xxxxx111","log":{"batchSize":50,"consoleOutput":true,"enabled":true,"fileOutput":true,"flushIntervalSeconds":5,"keepFiles":30,"levels":{"dao":true,"debug":true,"error":true,"info":true,"severe":true,"warn":true}}}
2025-12-16 10:28:36 | INFO | info | è¾“å…¥{"currentPath1":"files","fileUrl":"xxxxx111","log":{"batchSize":50,"consoleOutput":true,"enabled":true,"fileOutput":true,"flushIntervalSeconds":5,"keepFiles":30,"levels":{"dao":true,"debug":true,"error":true,"info":true,"severe":true,"warn":true}}}
2025-12-16 10:28:36 | INFO | debug | è¾“å…¥{"currentPath1":"files","fileUrl":"xxxxx111","log":{"batchSize":50,"consoleOutput":true,"enabled":true,"fileOutput":true,"flushIntervalSeconds":5,"keepFiles":30,"levels":{"dao":true,"debug":true,"error":true,"info":true,"severe":true,"warn":true}}}
2025-12-16 10:28:36 | INFO | ss | é”™è¯¯
2025-12-16 10:28:36 | INFO | ss | é”™è¯¯
2025-12-16 10:41:40 | INFO | info | è¾“å…¥{"currentPath1":"files","fileUrl":"xxxxx111","log":{"batchSize":50,"consoleOutput":true,"enabled":true,"fileOutput":true,"flushIntervalSeconds":5,"keepFiles":30,"levels":{"dao":true,"debug":true,"error":true,"info":true,"severe":true,"warn":true}}}
2025-12-16 10:41:40 | INFO | info | è¾“å…¥{"currentPath1":"files","fileUrl":"xxxxx111","log":{"batchSize":50,"consoleOutput":true,"enabled":true,"fileOutput":true,"flushIntervalSeconds":5,"keepFiles":30,"levels":{"dao":true,"debug":true,"error":true,"info":true,"severe":true,"warn":true}}}
2025-12-16 10:41:40 | INFO | ss | é”™è¯¯
2025-12-16 10:41:40 | INFO | ss | é”™è¯¯
2025-12-16 10:44:57 | INFO | info | è¾“å…¥{"currentPath1":"files","fileUrl":"xxxxx111","log":{"batchSize":50,"consoleOutput":true,"enabled":true,"fileOutput":true,"flushIntervalSeconds":5,"keepFiles":30,"levels":{"dao":true,"debug":true,"error":true,"info":true,"severe":true,"warn":true}}}
2025-12-16 10:44:57 | INFO | info | è¾“å…¥{"currentPath1":"files","fileUrl":"xxxxx111","log":{"batchSize":50,"consoleOutput":true,"enabled":true,"fileOutput":true,"flushIntervalSeconds":5,"keepFiles":30,"levels":{"dao":true,"debug":true,"error":true,"info":true,"severe":true,"warn":true}}}
2025-12-16 10:44:57 | INFO | ss | é”™è¯¯
2025-12-16 10:44:57 | INFO | ss | é”™è¯¯
2025-12-16 10:47:24 | INFO | info | è¾“å…¥{"currentPath1":"files","fileUrl":"xxxxx111","log":{"batchSize":50,"consoleOutput":true,"enabled":true,"fileOutput":true,"flushIntervalSeconds":5,"keepFiles":30,"levels":{"dao":true,"debug":true,"error":true,"info":true,"severe":true,"warn":true}}}
2025-12-16 10:47:24 | INFO | info | è¾“å…¥{"currentPath1":"files","fileUrl":"xxxxx111","log":{"batchSize":50,"consoleOutput":true,"enabled":true,"fileOutput":true,"flushIntervalSeconds":5,"keepFiles":30,"levels":{"dao":true,"debug":true,"error":true,"info":true,"severe":true,"warn":true}}}
2025-12-16 10:47:24 | INFO | ss | é”™è¯¯
2025-12-16 10:47:24 | INFO | ss | é”™è¯¯
2025-12-16 10:51:21 | INFO | info | è¾“å…¥{"currentPath1":"files","fileUrl":"xxxxx111","log":{"batchSize":50,"consoleOutput":true,"enabled":true,"fileOutput":true,"flushIntervalSeconds":5,"keepFiles":30,"levels":{"dao":true,"debug":true,"error":true,"info":true,"severe":true,"warn":true}}}
2025-12-16 10:51:21 | INFO | info | è¾“å…¥{"currentPath1":"files","fileUrl":"xxxxx111","log":{"batchSize":50,"consoleOutput":true,"enabled":true,"fileOutput":true,"flushIntervalSeconds":5,"keepFiles":30,"levels":{"dao":true,"debug":true,"error":true,"info":true,"severe":true,"warn":true}}}
2025-12-16 10:51:21 | INFO | ss | é”™è¯¯
2025-12-16 10:51:21 | INFO | ss | é”™è¯¯
2025-12-16 11:06:29 | INFO | info | è¾“å…¥{"currentPath1":"files","fileUrl":"xxxxx111","log":{"batchSize":50,"consoleOutput":true,"enabled":true,"fileOutput":true,"flushIntervalSeconds":5,"keepFiles":30,"levels":{"dao":true,"debug":true,"error":true,"info":true,"severe":true,"warn":true}}}
2025-12-16 11:06:29 | INFO | info | è¾“å…¥{"currentPath1":"files","fileUrl":"xxxxx111","log":{"batchSize":50,"consoleOutput":true,"enabled":true,"fileOutput":true,"flushIntervalSeconds":5,"keepFiles":30,"levels":{"dao":true,"debug":true,"error":true,"info":true,"severe":true,"warn":true}}}
2025-12-16 11:06:29 | INFO | ss | é”™è¯¯
2025-12-16 11:06:29 | INFO | ss | é”™è¯¯
2025-12-16 11:09:38 | INFO | info | è¾“å…¥{"currentPath1":"files","fileUrl":"xxxxx111","log":{"batchSize":50,"consoleOutput":true,"enabled":true,"fileOutput":true,"flushIntervalSeconds":5,"keepFiles":30,"levels":{"dao":true,"debug":true,"error":true,"info":true,"severe":true,"warn":true}}}
2025-12-16 11:09:38 | INFO | info | è¾“å…¥{"currentPath1":"files","fileUrl":"xxxxx111","log":{"batchSize":50,"consoleOutput":true,"enabled":true,"fileOutput":true,"flushIntervalSeconds":5,"keepFiles":30,"levels":{"dao":true,"debug":true,"error":true,"info":true,"severe":true,"warn":true}}}
2025-12-16 11:09:38 | INFO | ss | é”™è¯¯
2025-12-16 11:09:38 | INFO | ss | é”™è¯¯
2025-12-16 11:11:45 | INFO | info | è¾“å…¥{"currentPath1":"files","fileUrl":"xxxxx111","log":{"batchSize":50,"consoleOutput":true,"enabled":true,"fileOutput":true,"flushIntervalSeconds":5,"keepFiles":30,"levels":{"dao":true,"debug":true,"error":true,"info":true,"severe":true,"warn":true}}}
2025-12-16 11:11:45 | INFO | info | è¾“å…¥{"currentPath1":"files","fileUrl":"xxxxx111","log":{"batchSize":50,"consoleOutput":true,"enabled":true,"fileOutput":true,"flushIntervalSeconds":5,"keepFiles":30,"levels":{"dao":true,"debug":true,"error":true,"info":true,"severe":true,"warn":true}}}
2025-12-16 11:11:45 | INFO | ss | é”™è¯¯
2025-12-16 11:11:45 | INFO | ss | é”™è¯¯
2025-12-16 11:22:11 | INFO | info | è¾“å…¥{"currentPath1":"files","fileUrl":"xxxxx111","log":{"batchSize":50,"consoleOutput":true,"enabled":true,"fileOutput":true,"flushIntervalSeconds":5,"keepFiles":30,"levels":{"dao":true,"debug":true,"error":true,"info":true,"severe":true,"warn":true}}}
2025-12-16 11:22:11 | INFO | info | è¾“å…¥{"currentPath1":"files","fileUrl":"xxxxx111","log":{"batchSize":50,"consoleOutput":true,"enabled":true,"fileOutput":true,"flushIntervalSeconds":5,"keepFiles":30,"levels":{"dao":true,"debug":true,"error":true,"info":true,"severe":true,"warn":true}}}
2025-12-16 11:22:11 | INFO | ss | é”™è¯¯
2025-12-16 11:22:11 | INFO | ss | é”™è¯¯
2025-12-16 11:29:14 | INFO | info | è¾“å…¥{"currentPath1":"files","fileUrl":"xxxxx111","log":{"batchSize":50,"consoleOutput":true,"enabled":true,"fileOutput":true,"flushIntervalSeconds":5,"keepFiles":30,"levels":{"dao":true,"debug":true,"error":true,"info":true,"severe":true,"warn":true}}}
2025-12-16 11:29:14 | INFO | info | è¾“å…¥{"currentPath1":"files","fileUrl":"xxxxx111","log":{"batchSize":50,"consoleOutput":true,"enabled":true,"fileOutput":true,"flushIntervalSeconds":5,"keepFiles":30,"levels":{"dao":true,"debug":true,"error":true,"info":true,"severe":true,"warn":true}}}
2025-12-16 11:29:14 | INFO | ss | é”™è¯¯
2025-12-16 11:29:14 | INFO | ss | é”™è¯¯
2025-12-16 11:39:02 | INFO | info | è¾“å…¥{"currentPath1":"files","fileUrl":"xxxxx111","log":{"batchSize":50,"consoleOutput":true,"enabled":true,"fileOutput":true,"flushIntervalSeconds":5,"keepFiles":30,"levels":{"dao":true,"debug":true,"error":true,"info":true,"severe":true,"warn":true}}}
2025-12-16 11:39:02 | INFO | info | è¾“å…¥{"currentPath1":"files","fileUrl":"xxxxx111","log":{"batchSize":50,"consoleOutput":true,"enabled":true,"fileOutput":true,"flushIntervalSeconds":5,"keepFiles":30,"levels":{"dao":true,"debug":true,"error":true,"info":true,"severe":true,"warn":true}}}
2025-12-16 11:39:02 | INFO | ss | é”™è¯¯
2025-12-16 11:39:02 | INFO | ss | é”™è¯¯
2025-12-16 11:39:17 | INFO | info | è¾“å…¥{"currentPath1":"files","fileUrl":"xxxxx111","log":{"batchSize":50,"consoleOutput":true,"enabled":true,"fileOutput":true,"flushIntervalSeconds":5,"keepFiles":30,"levels":{"dao":true,"debug":true,"error":true,"info":true,"severe":true,"warn":true}}}
2025-12-16 11:39:17 | INFO | info | è¾“å…¥{"currentPath1":"files","fileUrl":"xxxxx111","log":{"batchSize":50,"consoleOutput":true,"enabled":true,"fileOutput":true,"flushIntervalSeconds":5,"keepFiles":30,"levels":{"dao":true,"debug":true,"error":true,"info":true,"severe":true,"warn":true}}}
2025-12-16 11:39:17 | INFO | ss | é”™è¯¯
2025-12-16 11:39:17 | INFO | ss | é”™è¯¯
2025-12-16 11:46:43 | INFO | info | ÊäÈë{"currentPath1":"files","fileUrl":"xxxxx111","log":{"batchSize":50,"consoleOutput":true,"enabled":true,"fileOutput":true,"flushIntervalSeconds":5,"keepFiles":30,"levels":{"dao":true,"debug":true,"error":true,"info":true,"severe":true,"warn":true}}}
2025-12-16 11:46:43 | INFO | info | ÊäÈë{"currentPath1":"files","fileUrl":"xxxxx111","log":{"batchSize":50,"consoleOutput":true,"enabled":true,"fileOutput":true,"flushIntervalSeconds":5,"keepFiles":30,"levels":{"dao":true,"debug":true,"error":true,"info":true,"severe":true,"warn":true}}}
2025-12-16 11:46:43 | INFO | ss | ´íÎó
2025-12-16 11:46:43 | INFO | ss | ´íÎó
2025-12-16 11:55:05 | INFO | info | è¾“å…¥{"currentPath1":"files","fileUrl":"xxxxx111","log":{"batchSize":50,"consoleOutput":true,"enabled":true,"fileOutput":true,"flushIntervalSeconds":5,"keepFiles":30,"levels":{"dao":true,"debug":true,"error":true,"info":true,"severe":true,"warn":true}}}
2025-12-16 11:55:05 | INFO | info | è¾“å…¥{"currentPath1":"files","fileUrl":"xxxxx111","log":{"batchSize":50,"consoleOutput":true,"enabled":true,"fileOutput":true,"flushIntervalSeconds":5,"keepFiles":30,"levels":{"dao":true,"debug":true,"error":true,"info":true,"severe":true,"warn":true}}}
2025-12-16 11:55:05 | INFO | ss | é”™è¯¯
2025-12-16 11:55:05 | INFO | ss | é”™è¯¯
2025-12-16 13:57:43 | INFO | info | è¾“å…¥{"currentPath1":"files","fileUrl":"xxxxx111","log":{"batchSize":50,"consoleOutput":true,"enabled":true,"fileOutput":true,"flushIntervalSeconds":5,"keepFiles":30,"levels":{"dao":true,"debug":true,"error":true,"info":true,"severe":true,"warn":true}}}
2025-12-16 13:57:43 | INFO | info | è¾“å…¥{"currentPath1":"files","fileUrl":"xxxxx111","log":{"batchSize":50,"consoleOutput":true,"enabled":true,"fileOutput":true,"flushIntervalSeconds":5,"keepFiles":30,"levels":{"dao":true,"debug":true,"error":true,"info":true,"severe":true,"warn":true}}}
2025-12-16 13:57:43 | INFO | ss | é”™è¯¯
2025-12-16 13:57:43 | INFO | ss | é”™è¯¯
2025-12-16 14:19:25 | INFO | info | è¾“å…¥{"currentPath1":"files","fileUrl":"xxxxx111","log":{"batchSize":50,"consoleOutput":true,"enabled":true,"fileOutput":true,"flushIntervalSeconds":5,"keepFiles":30,"levels":{"dao":true,"debug":true,"error":true,"info":true,"severe":true,"warn":true}}}
2025-12-16 14:19:47 | INFO | info | è¾“å…¥{"currentPath1":"files","fileUrl":"xxxxx111","log":{"batchSize":50,"consoleOutput":true,"enabled":true,"fileOutput":true,"flushIntervalSeconds":5,"keepFiles":30,"levels":{"dao":true,"debug":true,"error":true,"info":true,"severe":true,"warn":true}}}
2025-12-16 14:19:47 | INFO | warn | è¾“å‡ºä¿å­˜
2025-12-16 14:28:32 | INFO | info | è¾“å…¥{"currentPath1":"files","fileUrl":"xxxxx111","log":{"batchSize":50,"consoleOutput":true,"enabled":true,"fileOutput":true,"flushIntervalSeconds":5,"keepFiles":30,"levels":{"dao":true,"debug":true,"error":true,"info":true,"severe":true,"warn":true}}}
2025-12-16 14:28:32 | INFO | warn | è¾“å‡ºä¿å­˜
2025-12-16 14:30:10 | INFO | info | è¾“å…¥{"currentPath1":"files","fileUrl":"xxxxx111","log":{"batchSize":50,"consoleOutput":true,"enabled":true,"fileOutput":true,"flushIntervalSeconds":5,"keepFiles":30,"levels":{"dao":true,"debug":true,"error":true,"info":true,"severe":true,"warn":true}}}
2025-12-16 14:30:10 | INFO | warn | è¾“å‡ºä¿å­˜
2025-12-16 15:41:51 | INFO | info | è¾“å…¥{"currentPath1":"files","fileUrl":"xxxxx111","log":{"batchSize":50,"consoleOutput":true,"enabled":true,"fileOutput":true,"flushIntervalSeconds":5,"keepFiles":30,"levels":{"dao":true,"debug":true,"error":true,"info":true,"severe":true,"warn":true}}}
2025-12-16 15:41:51 | INFO | warn | è¾“å‡ºä¿å­˜
2025-12-16 15:45:38 | INFO | info | è¾“å…¥{"currentPath1":"files","fileUrl":"xxxxx111","log":{"batchSize":50,"consoleOutput":true,"enabled":true,"fileOutput":true,"flushIntervalSeconds":5,"keepFiles":30,"levels":{"dao":true,"debug":true,"error":true,"info":true,"severe":true,"warn":true}}}
2025-12-16 15:45:38 | INFO | warn | è¾“å‡ºä¿å­˜
2025-12-16 15:46:22 | INFO | info | è¾“å…¥{"currentPath1":"files","fileUrl":"xxxxx111","log":{"batchSize":50,"consoleOutput":true,"enabled":true,"fileOutput":true,"flushIntervalSeconds":5,"keepFiles":30,"levels":{"dao":true,"debug":true,"error":true,"info":true,"severe":true,"warn":true}}}
2025-12-16 15:46:22 | INFO | warn | è¾“å‡ºä¿å­˜
2025-12-16 15:47:13 | INFO | info | è¾“å…¥{"currentPath1":"files","fileUrl":"xxxxx111","log":{"batchSize":50,"consoleOutput":true,"enabled":true,"fileOutput":true,"flushIntervalSeconds":5,"keepFiles":30,"levels":{"dao":true,"debug":true,"error":true,"info":true,"severe":true,"warn":true}}}
2025-12-16 15:47:13 | INFO | warn | è¾“å‡ºä¿å­˜
2025-12-16 15:48:55 | INFO | info | è¾“å…¥{"currentPath1":"files","fileUrl":"xxxxx111","log":{"batchSize":50,"consoleOutput":true,"enabled":true,"fileOutput":true,"flushIntervalSeconds":5,"keepFiles":30,"levels":{"dao":true,"debug":true,"error":true,"info":true,"severe":true,"warn":true}}}
2025-12-16 15:48:55 | INFO | warn | è¾“å‡ºä¿å­˜
2025-12-16 15:49:11 | INFO | info | è¾“å…¥{"currentPath1":"files","fileUrl":"xxxxx111","log":{"batchSize":50,"consoleOutput":true,"enabled":true,"fileOutput":true,"flushIntervalSeconds":5,"keepFiles":30,"levels":{"dao":true,"debug":true,"error":true,"info":true,"severe":true,"warn":true}}}
2025-12-16 15:49:11 | INFO | warn | è¾“å‡ºä¿å­˜
2025-12-16 15:50:02 | INFO | info | è¾“å…¥{"currentPath1":"files","fileUrl":"xxxxx111","log":{"batchSize":50,"consoleOutput":true,"enabled":true,"fileOutput":true,"flushIntervalSeconds":5,"keepFiles":30,"levels":{"dao":true,"debug":true,"error":true,"info":true,"severe":true,"warn":true}}}
2025-12-16 15:50:02 | INFO | warn | è¾“å‡ºä¿å­˜
2025-12-16 15:50:54 | INFO | info | è¾“å…¥{"currentPath1":"files","fileUrl":"xxxxx111","log":{"batchSize":50,"consoleOutput":true,"enabled":true,"fileOutput":true,"flushIntervalSeconds":5,"keepFiles":30,"levels":{"dao":true,"debug":true,"error":true,"info":true,"severe":true,"warn":true}}}
2025-12-16 15:50:54 | INFO | warn | è¾“å‡ºä¿å­˜
2025-12-16 15:52:50 | INFO | info | è¾“å…¥{"currentPath1":"files","fileUrl":"xxxxx111","log":{"batchSize":50,"consoleOutput":true,"enabled":true,"fileOutput":true,"flushIntervalSeconds":5,"keepFiles":30,"levels":{"dao":true,"debug":false,"error":true,"info":true,"severe":true,"warn":true}}}
2025-12-16 15:52:50 | INFO | warn | è¾“å‡ºä¿å­˜
2025-12-16 15:57:48 | INFO | info | è¾“å…¥{"currentPath1":"files","fileUrl":"xxxxx111","log":{"batchSize":50,"consoleOutput":true,"enabled":true,"fileOutput":true,"flushIntervalSeconds":5,"keepFiles":30,"levels":{"dao":true,"debug":true,"error":true,"info":true,"severe":true,"warn":true}}}
2025-12-16 15:57:48 | INFO | warn | è¾“å‡ºä¿å­˜
2025-12-16 15:58:19 | INFO | info | è¾“å…¥{"currentPath1":"files","fileUrl":"xxxxx111","log":{"batchSize":50,"consoleOutput":true,"enabled":true,"fileOutput":true,"flushIntervalSeconds":5,"keepFiles":30,"levels":{"dao":true,"debug":true,"error":true,"info":true,"severe":true,"warn":true}}}
2025-12-16 15:58:19 | INFO | warn | è¾“å‡ºä¿å­˜
2025-12-16 15:59:22 | INFO | info | è¾“å…¥{"currentPath1":"files","fileUrl":"xxxxx111","log":{"batchSize":50,"consoleOutput":true,"enabled":true,"fileOutput":true,"flushIntervalSeconds":5,"keepFiles":30,"levels":{"dao":true,"debug":true,"error":true,"info":true,"severe":true,"warn":true}}}
2025-12-16 15:59:22 | INFO | warn | è¾“å‡ºä¿å­˜
2025-12-16 15:59:39 | INFO | info | è¾“å…¥{"currentPath1":"files","fileUrl":"xxxxx111","log":{"batchSize":50,"consoleOutput":true,"enabled":true,"fileOutput":true,"flushIntervalSeconds":5,"keepFiles":30,"levels":{"dao":true,"debug":true,"error":true,"info":true,"severe":true,"warn":true}}}
2025-12-16 15:59:39 | INFO | warn | è¾“å‡ºä¿å­˜
2025-12-16 15:59:49 | INFO | info | è¾“å…¥{"currentPath1":"files","fileUrl":"xxxxx111","log":{"batchSize":50,"consoleOutput":true,"enabled":true,"fileOutput":true,"flushIntervalSeconds":5,"keepFiles":30,"levels":{"dao":true,"debug":true,"error":true,"info":true,"severe":true,"warn":true}}}
2025-12-16 15:59:49 | INFO | warn | è¾“å‡ºä¿å­˜
2025-12-16 16:00:53 | INFO | info | è¾“å…¥{"currentPath1":"files","fileUrl":"xxxxx111","log":{"batchSize":50,"consoleOutput":true,"enabled":true,"fileOutput":true,"flushIntervalSeconds":5,"keepFiles":30,"levels":{"dao":true,"debug":true,"error":true,"info":true,"severe":true,"warn":true}}}
2025-12-16 16:00:53 | INFO | warn | è¾“å‡ºä¿å­˜
2025-12-16 16:01:11 | INFO | info | è¾“å…¥{"currentPath1":"files","fileUrl":"xxxxx111","log":{"batchSize":50,"consoleOutput":true,"enabled":true,"fileOutput":true,"flushIntervalSeconds":5,"keepFiles":30,"levels":{"dao":true,"debug":true,"error":true,"info":true,"severe":true,"warn":true}}}
2025-12-16 16:01:11 | INFO | warn | è¾“å‡ºä¿å­˜
2025-12-16 16:01:26 | INFO | info | è¾“å…¥{"currentPath1":"files","fileUrl":"xxxxx111","log":{"batchSize":50,"consoleOutput":true,"enabled":true,"fileOutput":true,"flushIntervalSeconds":5,"keepFiles":30,"levels":{"dao":true,"debug":true,"error":true,"info":true,"severe":true,"warn":true}}}
2025-12-16 16:01:26 | INFO | warn | è¾“å‡ºä¿å­˜
2025-12-16 16:04:01 | INFO | info | è¾“å…¥{"currentPath1":"files","fileUrl":"xxxxx111","log":{"batchSize":50,"consoleOutput":true,"enabled":true,"fileOutput":true,"flushIntervalSeconds":5,"keepFiles":30,"levels":{"dao":true,"debug":true,"error":true,"info":true,"severe":true,"warn":true}}}
2025-12-16 16:04:01 | INFO | warn | è¾“å‡ºä¿å­˜
2025-12-16 16:09:13 | INFO | info | è¾“å…¥{"currentPath1":"files","fileUrl":"xxxxx111","log":{"batchSize":50,"consoleOutput":true,"enabled":true,"fileOutput":true,"flushIntervalSeconds":5,"keepFiles":30,"levels":{"dao":true,"debug":true,"error":true,"info":true,"severe":true,"warn":true}}}
2025-12-16 16:09:13 | INFO | warn | è¾“å‡ºä¿å­˜
2025-12-16 16:09:40 | INFO | info | è¾“å…¥{"currentPath1":"files","fileUrl":"xxxxx111","log":{"batchSize":50,"consoleOutput":true,"enabled":true,"fileOutput":true,"flushIntervalSeconds":5,"keepFiles":30,"levels":{"dao":true,"debug":true,"error":true,"info":true,"severe":true,"warn":true}}}
2025-12-16 16:09:40 | INFO | warn | è¾“å‡ºä¿å­˜
2025-12-16 16:09:41 | INFO | info | åº”ç”¨å¯åŠ¨å®Œæˆï¼Œæ‰§è¡Œåˆå§‹åŒ–æ“ä½œ...
2025-12-16 16:09:41 | INFO | info | å½“å‰æœåŠ¡IP: 0.0.0.0
2025-12-16 16:09:41 | INFO | info | å½“å‰æœåŠ¡ç«¯å£: 10001
2025-12-16 16:10:46 | INFO | info | è¾“å…¥{"currentPath1":"files","fileUrl":"xxxxx111","log":{"batchSize":50,"consoleOutput":true,"enabled":true,"fileOutput":true,"flushIntervalSeconds":5,"keepFiles":30,"levels":{"dao":true,"debug":true,"error":true,"info":true,"severe":true,"warn":true}}}
2025-12-16 16:10:46 | INFO | warn | è¾“å‡ºä¿å­˜
2025-12-16 16:10:47 | INFO | info | åº”ç”¨å¯åŠ¨å®Œæˆï¼Œæ‰§è¡Œåˆå§‹åŒ–æ“ä½œ...
2025-12-16 16:10:47 | INFO | info | æ¿€æ´»çš„é…ç½®æ–‡ä»¶ï¼šv1
2025-12-16 16:10:47 | INFO | info | å½“å‰æœåŠ¡IP: 0.0.0.0
2025-12-16 16:10:47 | INFO | info | å½“å‰æœåŠ¡ç«¯å£: 10001
2025-12-16 16:11:45 | INFO | info | è¾“å…¥{"currentPath1":"files","fileUrl":"xxxxx111","log":{"batchSize":50,"consoleOutput":true,"enabled":true,"fileOutput":true,"flushIntervalSeconds":5,"keepFiles":30,"levels":{"dao":true,"debug":true,"error":true,"info":true,"severe":true,"warn":true}}}
2025-12-16 16:11:45 | INFO | warn | è¾“å‡ºä¿å­˜
2025-12-16 16:11:45 | INFO | info | é…ç½®:v1   IP:0.0.0.0   ç«¯å£:10001
2025-12-16 16:13:16 | INFO | info | è¾“å…¥{"currentPath1":"files","fileUrl":"xxxxx111","log":{"batchSize":50,"consoleOutput":true,"enabled":true,"fileOutput":true,"flushIntervalSeconds":5,"keepFiles":30,"levels":{"dao":true,"debug":true,"error":true,"info":true,"severe":true,"warn":true}}}
2025-12-16 16:13:16 | INFO | warn | è¾“å‡ºä¿å­˜
2025-12-16 16:13:16 | INFO | info | é…ç½®:v1   IP:0.0.0.0   ç«¯å£:10001
2025-12-16 16:13:52 | INFO | info | è¾“å…¥{"currentPath1":"files","fileUrl":"xxxxx111","log":{"batchSize":50,"consoleOutput":true,"enabled":true,"fileOutput":true,"flushIntervalSeconds":5,"keepFiles":30,"levels":{"dao":true,"debug":true,"error":true,"info":true,"severe":true,"warn":true}}}
2025-12-16 16:13:52 | INFO | warn | è¾“å‡ºä¿å­˜
2025-12-16 16:15:33 | INFO | info | è¾“å…¥{"currentPath1":"files","fileUrl":"xxxxx111","log":{"batchSize":50,"consoleOutput":true,"enabled":true,"fileOutput":true,"flushIntervalSeconds":5,"keepFiles":30,"levels":{"dao":true,"debug":true,"error":true,"info":true,"severe":true,"warn":true}}}
2025-12-16 16:15:33 | INFO | warn | è¾“å‡ºä¿å­˜
2025-12-16 16:15:53 | INFO | info | è¾“å…¥{"currentPath1":"files","fileUrl":"xxxxx111","log":{"batchSize":50,"consoleOutput":true,"enabled":true,"fileOutput":true,"flushIntervalSeconds":5,"keepFiles":30,"levels":{"dao":true,"debug":true,"error":true,"info":true,"severe":true,"warn":true}}}
2025-12-16 16:15:53 | INFO | warn | è¾“å‡ºä¿å­˜
2025-12-16 16:15:53 | INFO | info | é…ç½®:[1;32mv1[0m   ç«¯å£:[1;32m10001[0m
2025-12-16 16:16:49 | INFO | info | è¾“å…¥{"currentPath1":"files","fileUrl":"xxxxx111","log":{"batchSize":50,"consoleOutput":true,"enabled":true,"fileOutput":true,"flushIntervalSeconds":5,"keepFiles":30,"levels":{"dao":true,"debug":true,"error":true,"info":true,"severe":true,"warn":true}}}
2025-12-16 16:16:49 | INFO | warn | è¾“å‡ºä¿å­˜
2025-12-16 16:16:50 | INFO | info | é…ç½®:[1;32mv1[0m   ç«¯å£:[1;32m10001[0m
2025-12-16 16:18:05 | INFO | info | è¾“å…¥{"currentPath1":"files","fileUrl":"xxxxx111","log":{"batchSize":50,"consoleOutput":false,"enabled":true,"fileOutput":true,"flushIntervalSeconds":5,"keepFiles":30,"levels":{"dao":true,"debug":true,"error":true,"info":true,"severe":true,"warn":true}}}
2025-12-16 16:18:05 | INFO | warn | è¾“å‡ºä¿å­˜
2025-12-16 16:18:05 | INFO | info | é…ç½®:[1;32mv1[0m   ç«¯å£:[1;32m10001[0m
2025-12-16 16:18:14 | INFO | info | è¾“å…¥{"currentPath1":"files","fileUrl":"xxxxx111","log":{"batchSize":50,"consoleOutput":false,"enabled":true,"fileOutput":true,"flushIntervalSeconds":5,"keepFiles":30,"levels":{"dao":true,"debug":true,"error":true,"info":true,"severe":true,"warn":true}}}
2025-12-16 16:18:14 | INFO | warn | è¾“å‡ºä¿å­˜
2025-12-16 16:18:14 | INFO | info | é…ç½®:[1;32mv1[0m   ç«¯å£:[1;32m10001[0m
2025-12-16 16:18:44 | INFO | info | è¾“å…¥{"currentPath1":"files","fileUrl":"xxxxx111","log":{"batchSize":50,"consoleOutput":true,"enabled":true,"fileOutput":true,"flushIntervalSeconds":5,"keepFiles":30,"levels":{"dao":true,"debug":true,"error":true,"info":true,"severe":true,"warn":true}}}
2025-12-16 16:18:44 | INFO | warn | è¾“å‡ºä¿å­˜
2025-12-16 16:18:45 | INFO | info | é…ç½®:[1;32mv1[0m   ç«¯å£:[1;32m10001[0m
2025-12-16 16:19:02 | INFO | info | è¾“å…¥{"currentPath1":"files","fileUrl":"xxxxx111","log":{"batchSize":50,"consoleOutput":true,"enabled":true,"fileOutput":true,"flushIntervalSeconds":5,"keepFiles":30,"levels":{"dao":true,"debug":true,"error":true,"info":true,"severe":true,"warn":true}}}
2025-12-16 16:19:02 | INFO | warn | è¾“å‡ºä¿å­˜
2025-12-16 16:19:02 | INFO | info | é…ç½®:[1;32mdev[0m   ç«¯å£:[1;32m8080[0m
2025-12-16 16:19:30 | INFO | info | è¾“å…¥{"currentPath1":"files","fileUrl":"xxxxx111","log":{"batchSize":50,"consoleOutput":true,"enabled":true,"fileOutput":true,"flushIntervalSeconds":5,"keepFiles":30,"levels":{"dao":true,"debug":true,"error":true,"info":true,"severe":true,"warn":true}}}
2025-12-16 16:19:30 | INFO | warn | è¾“å‡ºä¿å­˜
2025-12-16 16:19:31 | INFO | info | é…ç½®:[1;32mdev[0m   ç«¯å£:[1;32m8080[0m
2025-12-16 16:19:44 | INFO | info | è¾“å…¥{"currentPath1":"files","fileUrl":"xxxxx111","log":{"batchSize":50,"consoleOutput":true,"enabled":true,"fileOutput":true,"flushIntervalSeconds":5,"keepFiles":30,"levels":{"dao":true,"debug":true,"error":true,"info":true,"severe":true,"warn":true}}}
2025-12-16 16:19:44 | INFO | warn | è¾“å‡ºä¿å­˜
2025-12-16 16:19:44 | INFO | info | é…ç½®:[1;32mdev[0m   ç«¯å£:[1;32m8080[0m
2025-12-16 16:19:59 | INFO | info | è¾“å…¥{"currentPath1":"files","fileUrl":"xxxxx111","log":{"batchSize":50,"consoleOutput":true,"enabled":true,"fileOutput":true,"flushIntervalSeconds":5,"keepFiles":30,"levels":{"dao":true,"debug":true,"error":true,"info":true,"severe":true,"warn":true}}}
2025-12-16 16:19:59 | INFO | warn | è¾“å‡ºä¿å­˜
2025-12-16 16:20:29 | INFO | info | è¾“å…¥{"currentPath1":"files","fileUrl":"xxxxx111","log":{"batchSize":50,"consoleOutput":true,"enabled":true,"fileOutput":true,"flushIntervalSeconds":5,"keepFiles":30,"levels":{"dao":true,"debug":true,"error":true,"info":true,"severe":true,"warn":true}}}
2025-12-16 16:20:29 | INFO | warn | è¾“å‡ºä¿å­˜
2025-12-16 16:20:29 | INFO | info | é…ç½®:[1;32mé»˜è®¤é…ç½®[0m   ç«¯å£:[1;32m8080[0m
2025-12-16 16:21:39 | INFO | info | è¾“å…¥{"currentPath1":"files","fileUrl":"xxxxx111","log":{"batchSize":50,"consoleOutput":true,"enabled":true,"fileOutput":true,"flushIntervalSeconds":5,"keepFiles":30,"levels":{"dao":true,"debug":true,"error":true,"info":true,"severe":true,"warn":true}}}
2025-12-16 16:21:39 | INFO | warn | è¾“å‡ºä¿å­˜
2025-12-16 16:21:39 | INFO | info | é…ç½®:[1;32mdev[0m   ç«¯å£:[1;32m8080[0m
2025-12-16 16:21:51 | INFO | info | è¾“å…¥{"currentPath1":"files","fileUrl":"xxxxx111","log":{"batchSize":50,"consoleOutput":true,"enabled":true,"fileOutput":true,"flushIntervalSeconds":5,"keepFiles":30,"levels":{"dao":true,"debug":true,"error":true,"info":true,"severe":true,"warn":true}}}
2025-12-16 16:21:51 | INFO | warn | è¾“å‡ºä¿å­˜
2025-12-16 16:21:51 | INFO | info | é…ç½®:[1;32mdev[0m   ç«¯å£:[1;32m8080[0m
2025-12-16 16:21:58 | INFO | info | è¾“å…¥{"currentPath1":"files","fileUrl":"xxxxx111","log":{"batchSize":50,"consoleOutput":true,"enabled":true,"fileOutput":true,"flushIntervalSeconds":5,"keepFiles":30,"levels":{"dao":true,"debug":true,"error":true,"info":true,"severe":true,"warn":true}}}
2025-12-16 16:21:58 | INFO | warn | è¾“å‡ºä¿å­˜
2025-12-16 16:21:58 | INFO | info | é…ç½®:[1;32mv1[0m   ç«¯å£:[1;32m8080[0m
2025-12-16 16:22:06 | INFO | info | è¾“å…¥{"currentPath1":"files","fileUrl":"xxxxx111","log":{"batchSize":50,"consoleOutput":true,"enabled":true,"fileOutput":true,"flushIntervalSeconds":5,"keepFiles":30,"levels":{"dao":true,"debug":true,"error":true,"info":true,"severe":true,"warn":true}}}
2025-12-16 16:22:06 | INFO | warn | è¾“å‡ºä¿å­˜
2025-12-16 16:22:07 | INFO | info | é…ç½®:[1;32mv2[0m   ç«¯å£:[1;32m8080[0m
2025-12-16 16:22:36 | INFO | info | è¾“å…¥{"currentPath1":"files","fileUrl":"xxxxx111","log":{"batchSize":50,"consoleOutput":true,"enabled":true,"fileOutput":true,"flushIntervalSeconds":5,"keepFiles":30,"levels":{"dao":true,"debug":true,"error":true,"info":true,"severe":true,"warn":true}}}
2025-12-16 16:22:36 | INFO | warn | è¾“å‡ºä¿å­˜
2025-12-16 16:22:37 | INFO | info | é…ç½®:[1;32mv2[0m   ç«¯å£:[1;32m8080[0m
2025-12-16 16:22:58 | INFO | info | è¾“å…¥{"currentPath1":"files","fileUrl":"xxxxx111","log":{"batchSize":50,"consoleOutput":true,"enabled":true,"fileOutput":true,"flushIntervalSeconds":5,"keepFiles":30,"levels":{"dao":true,"debug":true,"error":true,"info":true,"severe":true,"warn":true}}}
2025-12-16 16:22:58 | INFO | warn | è¾“å‡ºä¿å­˜
2025-12-16 16:22:59 | INFO | info | é…ç½®:[1;32mv2[0m   ç«¯å£:[1;32m10002[0m
